<?xml version="1.0" encoding="UTF-8"?>
<!-- Generated by org.testng.reporters.JUnitReportReporter -->
<testsuite skipped="0" hostname="CPX-85J1I2YMCLF" name="demo.REST.HTTP.Client.Get_Call_Test" tests="2" failures="0" timestamp="11 kesäkuuta 2018 09:31:11 GMT" time="2.153" errors="0">
  <testcase name="Get_Call_Response_Test" time="1.672" classname="demo.REST.HTTP.Client.Get_Call_Test"/>
  <testcase name="Get_Call_Test" time="0.481" classname="demo.REST.HTTP.Client.Get_Call_Test"/>
</testsuite> <!-- demo.REST.HTTP.Client.Get_Call_Test -->
