<?xml version="1.0" encoding="UTF-8"?>
<!-- Generated by org.testng.reporters.JUnitXMLReporter -->
<testsuite hostname="CPX-85J1I2YMCLF" ignored="0" name="Default test" tests="2" failures="0" timestamp="11 kesäkuuta 2018 09:41:39 GMT" time="1.554" errors="0">
  <testcase name="Get_Call_Response_Test" time="1.237" classname="demo.REST.HTTP.Client.Get_Call_Test"/>
  <testcase name="Get_Call_Test" time="0.27" classname="demo.REST.HTTP.Client.Get_Call_Test"/>
</testsuite> <!-- Default test -->
