<?xml version="1.0" encoding="UTF-8"?>
<!-- Generated by org.testng.reporters.JUnitXMLReporter -->
<testsuite hostname="CPX-85J1I2YMCLF" ignored="0" name="Default test" tests="2" failures="0" timestamp="11 kesäkuuta 2018 09:31:11 GMT" time="2.222" errors="0">
  <testcase name="Get_Call_Response_Test" time="1.672" classname="demo.REST.HTTP.Client.Get_Call_Test"/>
  <testcase name="Get_Call_Test" time="0.481" classname="demo.REST.HTTP.Client.Get_Call_Test"/>
</testsuite> <!-- Default test -->
